3/2/2026, 2:45:20 pm - GET /health
3/2/2026, 2:45:24 pm - GET /login
3/2/2026, 2:45:24 pm - GET /favicon.ico
3/2/2026, 2:45:26 pm - GET /login
3/2/2026, 2:45:28 pm - GET /login
3/2/2026, 2:45:33 pm - GET /users
3/2/2026, 2:46:12 pm - GET /login
3/2/2026, 2:46:26 pm - GET /users
3/2/2026, 3:47:22 pm - GET /health
3/2/2026, 3:47:25 pm - GET /login
3/2/2026, 3:47:28 pm - GET /login
3/2/2026, 3:47:29 pm - GET /users
3/2/2026, 3:47:30 pm - GET /health
3/2/2026, 3:47:39 pm - GET /login
3/2/2026, 3:47:48 pm - GET /health
3/2/2026, 3:47:56 pm - GET /users
3/2/2026, 3:57:06 pm - GET /health
3/2/2026, 3:57:09 pm - GET /login
3/2/2026, 3:57:13 pm - GET /users
3/2/2026, 3:57:14 pm - GET /users
3/2/2026, 3:57:14 pm - GET /users
3/2/2026, 3:57:17 pm - GET /health
3/2/2026, 3:57:29 pm - GET /login
3/2/2026, 3:57:30 pm - GET /login
3/2/2026, 3:57:35 pm - GET /login
3/2/2026, 3:57:45 pm - GET /users
3/2/2026, 3:57:46 pm - GET /users
3/2/2026, 3:59:05 pm - GET /health
3/2/2026, 3:59:09 pm - GET /login
3/2/2026, 3:59:11 pm - GET /users
3/2/2026, 3:59:12 pm - GET /health
3/2/2026, 3:59:16 pm - GET /users
3/2/2026, 3:59:17 pm - GET /users
3/2/2026, 3:59:49 pm - GET /health
3/2/2026, 3:59:54 pm - GET /user
3/2/2026, 3:59:58 pm - GET /users
3/2/2026, 3:59:58 pm - GET /users
3/2/2026, 4:00:01 pm - GET /users
3/2/2026, 4:00:13 pm - GET /health?
3/2/2026, 4:00:17 pm - GET /health?
3/2/2026, 4:00:20 pm - GET /health
3/2/2026, 4:07:32 pm - GET /users?
3/2/2026, 4:07:39 pm - GET /health?
3/2/2026, 4:07:44 pm - GET /health
3/2/2026, 4:07:54 pm - GET /login?
3/2/2026, 4:07:58 pm - GET /login
3/2/2026, 4:08:00 pm - GET /login
3/2/2026, 4:08:18 pm - GET /users
3/2/2026, 4:08:18 pm - GET /users
3/2/2026, 4:08:22 pm - GET /users
3/2/2026, 4:08:48 pm - GET /users
3/2/2026, 4:08:51 pm - GET /users
3/2/2026, 4:09:15 pm - GET /login?
3/2/2026, 4:09:19 pm - GET /login
3/2/2026, 4:09:28 pm - GET /users
3/2/2026, 4:09:29 pm - GET /users
3/2/2026, 4:09:35 pm - GET /health
3/2/2026, 4:09:43 pm - GET /login?
3/2/2026, 4:19:13 pm - GET /login?
3/2/2026, 4:19:18 pm - GET /login
3/2/2026, 4:19:22 pm - GET /login
3/2/2026, 4:19:26 pm - GET /users
3/2/2026, 4:19:29 pm - GET /users
3/2/2026, 4:19:39 pm - GET /health
3/2/2026, 4:19:53 pm - GET /health?
3/2/2026, 4:19:57 pm - GET /users?
3/2/2026, 4:20:00 pm - GET /login?
